mode: set
github.com/dkzhang/RmsGo/webapi/dataInfra/userDB/postgre.go:14.60,18.2 1 1
github.com/dkzhang/RmsGo/webapi/dataInfra/userDB/postgre.go:20.34,22.2 1 1
github.com/dkzhang/RmsGo/webapi/dataInfra/userDB/postgre.go:24.95,26.16 2 1
github.com/dkzhang/RmsGo/webapi/dataInfra/userDB/postgre.go:29.2,29.22 1 1
github.com/dkzhang/RmsGo/webapi/dataInfra/userDB/postgre.go:26.16,28.3 1 1
github.com/dkzhang/RmsGo/webapi/dataInfra/userDB/postgre.go:32.88,34.16 2 0
github.com/dkzhang/RmsGo/webapi/dataInfra/userDB/postgre.go:37.2,37.22 1 0
github.com/dkzhang/RmsGo/webapi/dataInfra/userDB/postgre.go:34.16,36.3 1 0
github.com/dkzhang/RmsGo/webapi/dataInfra/userDB/postgre.go:40.78,43.16 3 1
github.com/dkzhang/RmsGo/webapi/dataInfra/userDB/postgre.go:46.2,46.19 1 1
github.com/dkzhang/RmsGo/webapi/dataInfra/userDB/postgre.go:43.16,45.3 1 0
github.com/dkzhang/RmsGo/webapi/dataInfra/userDB/postgre.go:49.67,57.16 2 0
github.com/dkzhang/RmsGo/webapi/dataInfra/userDB/postgre.go:60.2,60.12 1 0
github.com/dkzhang/RmsGo/webapi/dataInfra/userDB/postgre.go:57.16,59.3 1 0
github.com/dkzhang/RmsGo/webapi/dataInfra/userDB/postgre.go:63.112,73.16 2 0
github.com/dkzhang/RmsGo/webapi/dataInfra/userDB/postgre.go:76.2,76.12 1 0
github.com/dkzhang/RmsGo/webapi/dataInfra/userDB/postgre.go:73.16,75.3 1 0
github.com/dkzhang/RmsGo/webapi/dataInfra/userDB/postgre.go:79.67,82.16 3 1
github.com/dkzhang/RmsGo/webapi/dataInfra/userDB/postgre.go:85.2,86.12 2 1
github.com/dkzhang/RmsGo/webapi/dataInfra/userDB/postgre.go:82.16,84.3 1 1
github.com/dkzhang/RmsGo/webapi/dataInfra/userDB/postgre.go:89.61,93.16 3 0
github.com/dkzhang/RmsGo/webapi/dataInfra/userDB/postgre.go:96.2,97.12 2 0
github.com/dkzhang/RmsGo/webapi/dataInfra/userDB/postgre.go:93.16,95.3 1 0
